<?xml version="1.0" encoding="UTF-8"?>
<!-- Generated by org.testng.reporters.JUnitXMLReporter -->
<testsuite hostname="PrinceK-HR" ignored="0" name="Test" tests="2" failures="1" timestamp="13 Dec 2018 11:06:06 GMT" time="1358.502" errors="0">
  <testcase name="goToICIXPrd" time="2.863" classname="ProductTest.ProductTest"/>
  <testcase name="searchForTP" time="1323.033" classname="ProductTest.ProductTest">
    <failure type="java.lang.Exception" message="-&amp;gt; element is not clickable -&amp;gt; chrome not reachable
  (Session info: chrome=71.0.3578.80)
  (Driver info: chromedriver=2.38.552522 (437e6fbedfa8762dec75e2c5b3ddb86763dc9dcb),platform=Windows NT 10.0.14393 x86_64) (WARNING: The server did not provide any stacktrace information)
Command duration or timeout: 0 milliseconds
Build info: version: &amp;apos;3.12.0&amp;apos;, revision: &amp;apos;7c6e0b3&amp;apos;, time: &amp;apos;2018-05-08T14:04:26.12Z&amp;apos;
System info: host: &amp;apos;PRINCEK-HR&amp;apos;, ip: &amp;apos;172.24.3.30&amp;apos;, os.name: &amp;apos;Windows 10&amp;apos;, os.arch: &amp;apos;amd64&amp;apos;, os.version: &amp;apos;10.0&amp;apos;, java.version: &amp;apos;1.8.0_191&amp;apos;
Driver info: org.openqa.selenium.chrome.ChromeDriver
Capabilities {acceptInsecureCerts: false, acceptSslCerts: false, applicationCacheEnabled: false, browserConnectionEnabled: false, browserName: chrome, chrome: {chromedriverVersion: 2.38.552522 (437e6fbedfa876..., userDataDir: C:\Users\DIVYA~1.BHA\AppDat...}, cssSelectorsEnabled: true, databaseEnabled: false, handlesAlerts: true, hasTouchScreen: false, javascriptEnabled: true, locationContextEnabled: true, mobileEmulationEnabled: false, nativeEvents: true, networkConnectionEnabled: false, pageLoadStrategy: normal, platform: XP, platformName: XP, rotatable: false, setWindowRect: true, takesHeapSnapshot: true, takesScreenshot: true, unexpectedAlertBehaviour: , unhandledPromptBehavior: , version: 71.0.3578.80, webStorageEnabled: true}
Session ID: 72c3beb3d9360a317014143d2ada8e25
*** Element info: {Using=xpath, value=//div[@class=&amp;apos;slds-form-element__control slds-input-has-icon slds-input-has-icon--right ng-scope&amp;apos;]/input}">
      <![CDATA[java.lang.Exception: -> element is not clickable -> chrome not reachable
  (Session info: chrome=71.0.3578.80)
  (Driver info: chromedriver=2.38.552522 (437e6fbedfa8762dec75e2c5b3ddb86763dc9dcb),platform=Windows NT 10.0.14393 x86_64) (WARNING: The server did not provide any stacktrace information)
Command duration or timeout: 0 milliseconds
Build info: version: '3.12.0', revision: '7c6e0b3', time: '2018-05-08T14:04:26.12Z'
System info: host: 'PRINCEK-HR', ip: '172.24.3.30', os.name: 'Windows 10', os.arch: 'amd64', os.version: '10.0', java.version: '1.8.0_191'
Driver info: org.openqa.selenium.chrome.ChromeDriver
Capabilities {acceptInsecureCerts: false, acceptSslCerts: false, applicationCacheEnabled: false, browserConnectionEnabled: false, browserName: chrome, chrome: {chromedriverVersion: 2.38.552522 (437e6fbedfa876..., userDataDir: C:\Users\DIVYA~1.BHA\AppDat...}, cssSelectorsEnabled: true, databaseEnabled: false, handlesAlerts: true, hasTouchScreen: false, javascriptEnabled: true, locationContextEnabled: true, mobileEmulationEnabled: false, nativeEvents: true, networkConnectionEnabled: false, pageLoadStrategy: normal, platform: XP, platformName: XP, rotatable: false, setWindowRect: true, takesHeapSnapshot: true, takesScreenshot: true, unexpectedAlertBehaviour: , unhandledPromptBehavior: , version: 71.0.3578.80, webStorageEnabled: true}
Session ID: 72c3beb3d9360a317014143d2ada8e25
*** Element info: {Using=xpath, value=//div[@class='slds-form-element__control slds-input-has-icon slds-input-has-icon--right ng-scope']/input}
at BrowserInstance.CommonMethods.waitForElementToBeVisible(CommonMethods.java:36)
at Locators.ProductPage.searchTP(ProductPage.java:37)
at ProductTest.ProductTest.searchForTP(ProductTest.java:21)
... Removed 25 stack frames]]>
    </failure>
  </testcase> <!-- searchForTP -->
</testsuite> <!-- Test -->
