<?xml version="1.0" encoding="UTF-8"?>
<testng-results skipped="0" failed="1" ignored="0" total="2" passed="1">
  <reporter-output>
  </reporter-output>
  <suite name="Test" duration-ms="1358502" started-at="2018-12-13T10:43:27Z" finished-at="2018-12-13T11:06:06Z">
    <groups>
    </groups>
    <test name="Test" duration-ms="1358502" started-at="2018-12-13T10:43:27Z" finished-at="2018-12-13T11:06:06Z">
      <class name="ProductTest.ProductTest">
        <test-method status="PASS" signature="goToICIXPrd()[pri:0, instance:ProductTest.ProductTest@4566e5bd]" name="goToICIXPrd" duration-ms="2863" started-at="2018-12-13T10:44:00Z" finished-at="2018-12-13T10:44:03Z">
          <reporter-output>
          </reporter-output>
        </test-method> <!-- goToICIXPrd -->
        <test-method status="FAIL" signature="searchForTP()[pri:0, instance:ProductTest.ProductTest@4566e5bd]" name="searchForTP" duration-ms="1323033" started-at="2018-12-13T10:44:03Z" finished-at="2018-12-13T11:06:06Z">
          <exception class="java.lang.Exception">
            <message>
              <![CDATA[-> element is not clickable -> chrome not reachable
  (Session info: chrome=71.0.3578.80)
  (Driver info: chromedriver=2.38.552522 (437e6fbedfa8762dec75e2c5b3ddb86763dc9dcb),platform=Windows NT 10.0.14393 x86_64) (WARNING: The server did not provide any stacktrace information)
Command duration or timeout: 0 milliseconds
Build info: version: '3.12.0', revision: '7c6e0b3', time: '2018-05-08T14:04:26.12Z'
System info: host: 'PRINCEK-HR', ip: '172.24.3.30', os.name: 'Windows 10', os.arch: 'amd64', os.version: '10.0', java.version: '1.8.0_191'
Driver info: org.openqa.selenium.chrome.ChromeDriver
Capabilities {acceptInsecureCerts: false, acceptSslCerts: false, applicationCacheEnabled: false, browserConnectionEnabled: false, browserName: chrome, chrome: {chromedriverVersion: 2.38.552522 (437e6fbedfa876..., userDataDir: C:\Users\DIVYA~1.BHA\AppDat...}, cssSelectorsEnabled: true, databaseEnabled: false, handlesAlerts: true, hasTouchScreen: false, javascriptEnabled: true, locationContextEnabled: true, mobileEmulationEnabled: false, nativeEvents: true, networkConnectionEnabled: false, pageLoadStrategy: normal, platform: XP, platformName: XP, rotatable: false, setWindowRect: true, takesHeapSnapshot: true, takesScreenshot: true, unexpectedAlertBehaviour: , unhandledPromptBehavior: , version: 71.0.3578.80, webStorageEnabled: true}
Session ID: 72c3beb3d9360a317014143d2ada8e25
*** Element info: {Using=xpath, value=//div[@class='slds-form-element__control slds-input-has-icon slds-input-has-icon--right ng-scope']/input}]]>
            </message>
            <full-stacktrace>
              <![CDATA[java.lang.Exception: -> element is not clickable -> chrome not reachable
  (Session info: chrome=71.0.3578.80)
  (Driver info: chromedriver=2.38.552522 (437e6fbedfa8762dec75e2c5b3ddb86763dc9dcb),platform=Windows NT 10.0.14393 x86_64) (WARNING: The server did not provide any stacktrace information)
Command duration or timeout: 0 milliseconds
Build info: version: '3.12.0', revision: '7c6e0b3', time: '2018-05-08T14:04:26.12Z'
System info: host: 'PRINCEK-HR', ip: '172.24.3.30', os.name: 'Windows 10', os.arch: 'amd64', os.version: '10.0', java.version: '1.8.0_191'
Driver info: org.openqa.selenium.chrome.ChromeDriver
Capabilities {acceptInsecureCerts: false, acceptSslCerts: false, applicationCacheEnabled: false, browserConnectionEnabled: false, browserName: chrome, chrome: {chromedriverVersion: 2.38.552522 (437e6fbedfa876..., userDataDir: C:\Users\DIVYA~1.BHA\AppDat...}, cssSelectorsEnabled: true, databaseEnabled: false, handlesAlerts: true, hasTouchScreen: false, javascriptEnabled: true, locationContextEnabled: true, mobileEmulationEnabled: false, nativeEvents: true, networkConnectionEnabled: false, pageLoadStrategy: normal, platform: XP, platformName: XP, rotatable: false, setWindowRect: true, takesHeapSnapshot: true, takesScreenshot: true, unexpectedAlertBehaviour: , unhandledPromptBehavior: , version: 71.0.3578.80, webStorageEnabled: true}
Session ID: 72c3beb3d9360a317014143d2ada8e25
*** Element info: {Using=xpath, value=//div[@class='slds-form-element__control slds-input-has-icon slds-input-has-icon--right ng-scope']/input}
at BrowserInstance.CommonMethods.waitForElementToBeVisible(CommonMethods.java:36)
at Locators.ProductPage.searchTP(ProductPage.java:37)
at ProductTest.ProductTest.searchForTP(ProductTest.java:21)
at sun.reflect.NativeMethodAccessorImpl.invoke0(Native Method)
at sun.reflect.NativeMethodAccessorImpl.invoke(NativeMethodAccessorImpl.java:62)
at sun.reflect.DelegatingMethodAccessorImpl.invoke(DelegatingMethodAccessorImpl.java:43)
at java.lang.reflect.Method.invoke(Method.java:498)
at org.testng.internal.MethodInvocationHelper.invokeMethod(MethodInvocationHelper.java:124)
at org.testng.internal.Invoker.invokeMethod(Invoker.java:583)
at org.testng.internal.Invoker.invokeTestMethod(Invoker.java:719)
at org.testng.internal.Invoker.invokeTestMethods(Invoker.java:989)
at org.testng.internal.TestMethodWorker.invokeTestMethods(TestMethodWorker.java:125)
at org.testng.internal.TestMethodWorker.run(TestMethodWorker.java:109)
at org.testng.TestRunner.privateRun(TestRunner.java:648)
at org.testng.TestRunner.run(TestRunner.java:505)
at org.testng.SuiteRunner.runTest(SuiteRunner.java:455)
at org.testng.SuiteRunner.runSequentially(SuiteRunner.java:450)
at org.testng.SuiteRunner.privateRun(SuiteRunner.java:415)
at org.testng.SuiteRunner.run(SuiteRunner.java:364)
at org.testng.SuiteRunnerWorker.runSuite(SuiteRunnerWorker.java:52)
at org.testng.SuiteRunnerWorker.run(SuiteRunnerWorker.java:84)
at org.testng.TestNG.runSuitesSequentially(TestNG.java:1208)
at org.testng.TestNG.runSuitesLocally(TestNG.java:1137)
at org.testng.TestNG.runSuites(TestNG.java:1049)
at org.testng.TestNG.run(TestNG.java:1017)
at org.testng.remote.AbstractRemoteTestNG.run(AbstractRemoteTestNG.java:114)
at org.testng.remote.RemoteTestNG.initAndRun(RemoteTestNG.java:251)
at org.testng.remote.RemoteTestNG.main(RemoteTestNG.java:77)
]]>
            </full-stacktrace>
          </exception> <!-- java.lang.Exception -->
          <reporter-output>
          </reporter-output>
        </test-method> <!-- searchForTP -->
      </class> <!-- ProductTest.ProductTest -->
      <class name="BrowserInstance.BrowserInstance">
        <test-method status="PASS" signature="beforeTest()[pri:0, instance:BrowserInstance.BrowserInstance@56ef9176]" name="beforeTest" is-config="true" duration-ms="32556" started-at="2018-12-13T10:43:27Z" finished-at="2018-12-13T10:44:00Z">
          <reporter-output>
          </reporter-output>
        </test-method> <!-- beforeTest -->
      </class> <!-- BrowserInstance.BrowserInstance -->
    </test> <!-- Test -->
  </suite> <!-- Test -->
</testng-results>
